[lastmileinc.ai/index.html]
[backblue.gif]
[fade.gif]
[index.html]
[lastmileinc.ai/css/normalize.css]
[lastmileinc.ai/css/webflow.css]
[lastmileinc.ai/css/last-mile-f67d20.webflow.css]
[ajax.googleapis.com/ajax/libs/webfont/1.6.26/webfont.js]
[lastmileinc.ai/images/favicon.ico]
[lastmileinc.ai/images/webclip.png]
[lastmileinc.ai/images/pexels-cookiecutter-1148820.jpg]
[d3e54v103j8qbb.cloudfront.net/js/jquery-3.5.1.min.dc5e7f18c87d1c.js]
[lastmileinc.ai/js/webflow.js]
[lastmileinc.ai/index.html]
[lastmileinc.ai/css/normalize.css]
[lastmileinc.ai/css/webflow.css]
[lastmileinc.ai/css/last-mile-f67d20.webflow.css]
[lastmileinc.ai/images/93b299ff-0ad4-40a4-a3db-25ac0c89c127.html]
[img1.wsimg.com/signals/js/clients/scc-c2/scc-c2.min.js]
[lastmileinc.ai/placeholder.html]
[lastmileinc.ai/images/index.html]
